[06/Jun/2017 10:55:21] WARNING [django.request:182] Not Found: /All/genomes.json
[07/Jun/2017 07:03:34] WARNING [django.request:182] Not Found: /All/genomes.json
[07/Jun/2017 07:05:02] WARNING [django.request:182] Not Found: /All/genomes.json
[07/Jun/2017 07:07:39] WARNING [django.request:182] Not Found: /cgi-bin/gateway.pl
[07/Jun/2017 07:07:40] WARNING [django.request:182] Not Found: /favicon.ico
[10/Aug/2017 05:15:19] WARNING [django.request:182] Not Found: /cgi-bin/gateway.pl
[10/Aug/2017 05:15:20] WARNING [django.request:182] Not Found: /favicon.ico
[06/Sep/2017 09:31:26] WARNING [django.request:182] Not Found: /cgi-bin/gateway.pl
[06/Sep/2017 09:31:26] WARNING [django.request:182] Not Found: /favicon.ico
[12/Sep/2017 14:48:25] WARNING [django.request:182] Not Found: /All/genomes.jsond
[12/Sep/2017 15:01:04] WARNING [django.request:182] Not Found: /oma/All/genomes.json
[12/Sep/2017 15:01:04] WARNING [django.request:182] Not Found: /favicon.ico
[12/Sep/2017 15:01:41] WARNING [django.request:182] Not Found: /oma/All/genomes.json
[12/Sep/2017 15:04:13] WARNING [django.request:182] Not Found: /All/genomes_newID.json
[12/Sep/2017 15:04:23] WARNING [django.request:182] Not Found: /All/genomes_newID.json
[12/Sep/2017 15:04:33] WARNING [django.request:182] Not Found: /All/genomes_newID.json
[17/Sep/2017 19:55:57] WARNING [django.request:182] Not Found: /cgi-bin/gateway.pl
[17/Sep/2017 19:55:57] WARNING [django.request:182] Not Found: /favicon.ico
[19/Sep/2017 09:15:17] WARNING [django.request:182] Not Found: /cgi-bin/gateway.pl
[19/Sep/2017 09:15:17] WARNING [django.request:182] Not Found: /favicon.ico
[20/Sep/2017 08:58:26] WARNING [django.request:182] Not Found: /cgi-bin/gateway.pl
[20/Sep/2017 08:58:27] WARNING [django.request:182] Not Found: /favicon.ico
